TN:
SF:eslint.config.js
FNF:0
FNH:0
DA:1,0
DA:2,0
DA:4,0
LF:3
LH:0
BRF:0
BRH:0
end_of_record
TN:
SF:index.js
FN:31,(anonymous_0)
FN:37,(anonymous_1)
FNF:2
FNH:0
FNDA:0,(anonymous_0)
FNDA:0,(anonymous_1)
DA:2,1
DA:3,1
DA:4,1
DA:5,1
DA:6,1
DA:11,1
DA:14,1
DA:15,0
DA:19,1
DA:22,1
DA:25,1
DA:28,1
DA:29,1
DA:31,1
DA:32,0
DA:36,1
DA:37,0
DA:38,0
DA:43,1
LF:19
LH:15
BRDA:14,0,0,0
BRDA:14,0,1,1
BRDA:36,1,0,0
BRDA:36,1,1,1
BRF:4
BRH:2
end_of_record
TN:
SF:controllers\auth.js
FN:6,(anonymous_0)
FN:45,(anonymous_1)
FN:89,(anonymous_2)
FNF:3
FNH:3
FNDA:1,(anonymous_0)
FNDA:3,(anonymous_1)
FNDA:1,(anonymous_2)
DA:1,1
DA:2,1
DA:3,1
DA:4,1
DA:6,1
DA:8,1
DA:9,1
DA:11,1
DA:12,1
DA:13,0
DA:19,1
DA:22,1
DA:23,1
DA:25,1
DA:28,1
DA:30,1
DA:37,0
DA:38,0
DA:45,1
DA:46,3
DA:48,3
DA:49,3
DA:50,3
DA:51,1
DA:58,2
DA:60,2
DA:61,1
DA:68,1
DA:71,1
DA:81,0
DA:82,0
DA:89,1
DA:91,1
DA:93,1
DA:96,1
DA:104,1
LF:36
LH:31
BRDA:6,0,0,0
BRDA:12,1,0,0
BRDA:12,1,1,1
BRDA:45,2,0,0
BRDA:50,3,0,1
BRDA:50,3,1,2
BRDA:60,4,0,1
BRDA:60,4,1,1
BRDA:89,5,0,0
BRF:9
BRH:5
end_of_record
TN:
SF:controllers\events.js
FN:5,(anonymous_0)
FN:17,(anonymous_1)
FN:41,(anonymous_2)
FN:83,(anonymous_3)
FNF:4
FNH:0
FNDA:0,(anonymous_0)
FNDA:0,(anonymous_1)
FNDA:0,(anonymous_2)
FNDA:0,(anonymous_3)
DA:2,1
DA:3,1
DA:5,1
DA:7,0
DA:10,0
DA:17,1
DA:19,0
DA:21,0
DA:23,0
DA:25,0
DA:26,0
DA:32,0
DA:33,0
DA:41,1
DA:43,0
DA:44,0
DA:46,0
DA:47,0
DA:48,0
DA:49,0
DA:55,0
DA:56,0
DA:62,0
DA:67,0
DA:69,0
DA:74,0
DA:75,0
DA:83,1
DA:85,0
DA:86,0
DA:88,0
DA:89,0
DA:90,0
DA:91,0
DA:97,0
DA:98,0
DA:105,0
DA:107,0
DA:112,0
DA:113,0
DA:120,1
LF:41
LH:7
BRDA:5,0,0,0
BRDA:17,1,0,0
BRDA:41,2,0,0
BRDA:48,3,0,0
BRDA:48,3,1,0
BRDA:55,4,0,0
BRDA:55,4,1,0
BRDA:83,5,0,0
BRDA:90,6,0,0
BRDA:90,6,1,0
BRDA:97,7,0,0
BRDA:97,7,1,0
BRF:12
BRH:0
end_of_record
TN:
SF:database\config.js
FN:3,(anonymous_0)
FNF:1
FNH:0
FNDA:0,(anonymous_0)
DA:1,0
DA:3,0
DA:4,0
DA:5,0
DA:6,0
DA:10,0
DA:11,0
DA:15,0
LF:8
LH:0
BRF:0
BRH:0
end_of_record
TN:
SF:helpers\isDate.js
FN:3,(anonymous_0)
FNF:1
FNH:0
FNDA:0,(anonymous_0)
DA:1,1
DA:3,1
DA:5,0
DA:6,0
DA:9,0
DA:10,0
DA:11,0
DA:13,0
DA:17,1
LF:9
LH:3
BRDA:5,0,0,0
BRDA:5,0,1,0
BRDA:10,1,0,0
BRDA:10,1,1,0
BRF:4
BRH:0
end_of_record
TN:
SF:helpers\jwt.js
FN:3,(anonymous_0)
FNF:1
FNH:1
FNDA:3,(anonymous_0)
DA:1,1
DA:3,1
DA:4,3
DA:6,3
DA:7,3
DA:11,3
DA:13,0
DA:15,0
DA:19,1
LF:9
LH:7
BRF:0
BRH:0
end_of_record
TN:
SF:middlewares\validar-campos.js
FN:3,(anonymous_0)
FNF:1
FNH:1
FNDA:5,(anonymous_0)
DA:1,1
DA:2,1
DA:3,1
DA:5,5
DA:7,5
DA:8,1
DA:14,4
DA:17,1
LF:8
LH:8
BRDA:3,0,0,0
BRDA:7,1,0,1
BRDA:7,1,1,4
BRF:3
BRH:2
end_of_record
TN:
SF:middlewares\validar-jwt.js
FN:4,(anonymous_0)
FNF:1
FNH:1
FNDA:2,(anonymous_0)
DA:1,1
DA:2,1
DA:4,1
DA:6,2
DA:7,2
DA:8,0
DA:14,2
DA:16,2
DA:21,1
DA:22,1
DA:25,1
DA:32,1
DA:35,1
LF:13
LH:12
BRDA:4,0,0,0
BRDA:7,1,0,0
BRDA:7,1,1,2
BRF:3
BRH:1
end_of_record
TN:
SF:models\Evento.js
FN:28,(anonymous_0)
FNF:1
FNH:0
FNDA:0,(anonymous_0)
DA:1,1
DA:3,1
DA:28,1
DA:29,0
DA:30,0
DA:31,0
DA:34,1
LF:7
LH:4
BRF:0
BRH:0
end_of_record
TN:
SF:models\Usuario.js
FNF:0
FNH:0
DA:1,0
DA:3,0
DA:21,0
LF:3
LH:0
BRF:0
BRH:0
end_of_record
TN:
SF:routes\auth.js
FNF:0
FNH:0
DA:6,1
DA:7,1
DA:8,1
DA:9,1
DA:12,1
DA:14,1
DA:15,1
DA:28,1
DA:40,1
DA:42,1
LF:10
LH:10
BRF:0
BRH:0
end_of_record
TN:
SF:routes\events.js
FNF:0
FNH:0
DA:5,1
DA:6,1
DA:8,1
DA:9,1
DA:10,1
DA:11,1
DA:13,1
DA:17,1
DA:20,1
DA:26,1
DA:38,1
DA:41,1
DA:43,1
LF:13
LH:13
BRF:0
BRH:0
end_of_record
